# JRE version: OpenJDK Runtime Environment (8.0_152-b01) (build 1.8.0_152-release-1248-b01)
# Java VM: OpenJDK 64-Bit Server VM (25.152-b01 mixed mode windows-amd64 compressed oops)
Heap:
 PSYoungGen      total 329216K, used 103752K [0x00000000e0000000, 0x00000000f8780000, 0x0000000100000000)
  eden space 306688K, 28% used [0x00000000e0000000,0x00000000e566f4e0,0x00000000f2b80000)
  from space 22528K, 67% used [0x00000000f2b80000,0x00000000f3a62b48,0x00000000f4180000)
  to   space 25088K, 0% used [0x00000000f6f00000,0x00000000f6f00000,0x00000000f8780000)
 ParOldGen       total 206848K, used 35809K [0x00000000a0000000, 0x00000000aca00000, 0x00000000e0000000)
  object space 206848K, 17% used [0x00000000a0000000,0x00000000a22f86c8,0x00000000aca00000)
 Metaspace       used 74990K, capacity 77820K, committed 77872K, reserved 1116160K
  class space    used 9924K, capacity 10529K, committed 10544K, reserved 1048576K
GC Heap History (10 events):
Event: 15.111 GC heap before
{Heap before GC invocations=16 (full 3):
 PSYoungGen      total 329728K, used 322647K [0x00000000e0000000, 0x00000000f6500000, 0x0000000100000000)
  eden space 306688K, 100% used [0x00000000e0000000,0x00000000f2b80000,0x00000000f2b80000)
  from space 23040K, 69% used [0x00000000f4180000,0x00000000f5115f38,0x00000000f5800000)
  to   space 22528K, 0% used [0x00000000f2b80000,0x00000000f2b80000,0x00000000f4180000)
 ParOldGen       total 206848K, used 35596K [0x00000000a0000000, 0x00000000aca00000, 0x00000000e0000000)
  object space 206848K, 17% used [0x00000000a0000000,0x00000000a22c33f8,0x00000000aca00000)
 Metaspace       used 74722K, capacity 77598K, committed 77616K, reserved 1116160K
  class space    used 9923K, capacity 10528K, committed 10544K, reserved 1048576K
Event: 15.122 GC heap after
Heap after GC invocations=16 (full 3):
 PSYoungGen      total 329216K, used 15027K [0x00000000e0000000, 0x00000000f6500000, 0x0000000100000000)
  eden space 306688K, 0% used [0x00000000e0000000,0x00000000e0000000,0x00000000f2b80000)
  from space 22528K, 66% used [0x00000000f2b80000,0x00000000f3a2cc10,0x00000000f4180000)
  to   space 23040K, 0% used [0x00000000f4180000,0x00000000f4180000,0x00000000f5800000)
 ParOldGen       total 206848K, used 35604K [0x00000000a0000000, 0x00000000aca00000, 0x00000000e0000000)
  object space 206848K, 17% used [0x00000000a0000000,0x00000000a22c53f8,0x00000000aca00000)
 Metaspace       used 74722K, capacity 77598K, committed 77616K, reserved 1116160K
  class space    used 9923K, capacity 10528K, committed 10544K, reserved 1048576K
}
Event: 15.972 GC heap before
{Heap before GC invocations=17 (full 3):
 PSYoungGen      total 329216K, used 321715K [0x00000000e0000000, 0x00000000f6500000, 0x0000000100000000)
  eden space 306688K, 100% used [0x00000000e0000000,0x00000000f2b80000,0x00000000f2b80000)
  from space 22528K, 66% used [0x00000000f2b80000,0x00000000f3a2cc10,0x00000000f4180000)
  to   space 23040K, 0% used [0x00000000f4180000,0x00000000f4180000,0x00000000f5800000)
 ParOldGen       total 206848K, used 35604K [0x00000000a0000000, 0x00000000aca00000, 0x00000000e0000000)
  object space 206848K, 17% used [0x00000000a0000000,0x00000000a22c53f8,0x00000000aca00000)
 Metaspace       used 74822K, capacity 77678K, committed 77872K, reserved 1116160K
  class space    used 9923K, capacity 10528K, committed 10544K, reserved 1048576K
Event: 15.986 GC heap after
Heap after GC invocations=17 (full 3):
 PSYoungGen      total 329728K, used 20079K [0x00000000e0000000, 0x00000000f6500000, 0x0000000100000000)
  eden space 306688K, 0% used [0x00000000e0000000,0x00000000e0000000,0x00000000f2b80000)
  from space 23040K, 87% used [0x00000000f4180000,0x00000000f551bde0,0x00000000f5800000)
  to   space 22528K, 0% used [0x00000000f2b80000,0x00000000f2b80000,0x00000000f4180000)
 ParOldGen       total 206848K, used 35612K [0x00000000a0000000, 0x00000000aca00000, 0x00000000e0000000)
  object space 206848K, 17% used [0x00000000a0000000,0x00000000a22c73f8,0x00000000aca00000)
 Metaspace       used 74822K, capacity 77678K, committed 77872K, reserved 1116160K
  class space    used 9923K, capacity 10528K, committed 10544K, reserved 1048576K
}
Event: 16.636 GC heap before
{Heap before GC invocations=18 (full 3):
 PSYoungGen      total 329728K, used 326767K [0x00000000e0000000, 0x00000000f6500000, 0x0000000100000000)
  eden space 306688K, 100% used [0x00000000e0000000,0x00000000f2b80000,0x00000000f2b80000)
  from space 23040K, 87% used [0x00000000f4180000,0x00000000f551bde0,0x00000000f5800000)
  to   space 22528K, 0% used [0x00000000f2b80000,0x00000000f2b80000,0x00000000f4180000)
 ParOldGen       total 206848K, used 35612K [0x00000000a0000000, 0x00000000aca00000, 0x00000000e0000000)
  object space 206848K, 17% used [0x00000000a0000000,0x00000000a22c73f8,0x00000000aca00000)
 Metaspace       used 74858K, capacity 77752K, committed 77872K, reserved 1116160K
  class space    used 9924K, capacity 10529K, committed 10544K, reserved 1048576K
Event: 16.649 GC heap after
Heap after GC invocations=18 (full 3):
 PSYoungGen      total 329216K, used 19884K [0x00000000e0000000, 0x00000000f6500000, 0x0000000100000000)
  eden space 306688K, 0% used [0x00000000e0000000,0x00000000e0000000,0x00000000f2b80000)
  from space 22528K, 88% used [0x00000000f2b80000,0x00000000f3eeb190,0x00000000f4180000)
  to   space 23040K, 0% used [0x00000000f4180000,0x00000000f4180000,0x00000000f5800000)
 ParOldGen       total 206848K, used 35620K [0x00000000a0000000, 0x00000000aca00000, 0x00000000e0000000)
  object space 206848K, 17% used [0x00000000a0000000,0x00000000a22c93f8,0x00000000aca00000)
 Metaspace       used 74858K, capacity 77752K, committed 77872K, reserved 1116160K
  class space    used 9924K, capacity 10529K, committed 10544K, reserved 1048576K
}
Event: 17.192 GC heap before
{Heap before GC invocations=19 (full 3):
 PSYoungGen      total 329216K, used 326572K [0x00000000e0000000, 0x00000000f6500000, 0x0000000100000000)
  eden space 306688K, 100% used [0x00000000e0000000,0x00000000f2b80000,0x00000000f2b80000)
  from space 22528K, 88% used [0x00000000f2b80000,0x00000000f3eeb190,0x00000000f4180000)
  to   space 23040K, 0% used [0x00000000f4180000,0x00000000f4180000,0x00000000f5800000)
 ParOldGen       total 206848K, used 35791K [0x00000000a0000000, 0x00000000aca00000, 0x00000000e0000000)
  object space 206848K, 17% used [0x00000000a0000000,0x00000000a22f3e68,0x00000000aca00000)
 Metaspace       used 74894K, capacity 77756K, committed 77872K, reserved 1116160K
  class space    used 9924K, capacity 10529K, committed 10544K, reserved 1048576K
Event: 17.203 GC heap after
Heap after GC invocations=19 (full 3):
 PSYoungGen      total 329728K, used 16231K [0x00000000e0000000, 0x00000000f6500000, 0x0000000100000000)
  eden space 306688K, 0% used [0x00000000e0000000,0x00000000e0000000,0x00000000f2b80000)
  from space 23040K, 70% used [0x00000000f4180000,0x00000000f5159e20,0x00000000f5800000)
  to   space 22528K, 0% used [0x00000000f2b80000,0x00000000f2b80000,0x00000000f4180000)
 ParOldGen       total 206848K, used 35799K [0x00000000a0000000, 0x00000000aca00000, 0x00000000e0000000)
  object space 206848K, 17% used [0x00000000a0000000,0x00000000a22f5e68,0x00000000aca00000)
 Metaspace       used 74894K, capacity 77756K, committed 77872K, reserved 1116160K
  class space    used 9924K, capacity 10529K, committed 10544K, reserved 1048576K
}
Event: 18.077 GC heap before
{Heap before GC invocations=20 (full 3):
 PSYoungGen      total 329728K, used 322919K [0x00000000e0000000, 0x00000000f6500000, 0x0000000100000000)
  eden space 306688K, 100% used [0x00000000e0000000,0x00000000f2b80000,0x00000000f2b80000)
  from space 23040K, 70% used [0x00000000f4180000,0x00000000f5159e20,0x00000000f5800000)
  to   space 22528K, 0% used [0x00000000f2b80000,0x00000000f2b80000,0x00000000f4180000)
 ParOldGen       total 206848K, used 35801K [0x00000000a0000000, 0x00000000aca00000, 0x00000000e0000000)
  object space 206848K, 17% used [0x00000000a0000000,0x00000000a22f66c8,0x00000000aca00000)
 Metaspace       used 74967K, capacity 77820K, committed 77872K, reserved 1116160K
  class space    used 9924K, capacity 10529K, committed 10544K, reserved 1048576K
Event: 18.092 GC heap after
Heap after GC invocations=20 (full 3):
 PSYoungGen      total 329216K, used 15242K [0x00000000e0000000, 0x00000000f8780000, 0x0000000100000000)
  eden space 306688K, 0% used [0x00000000e0000000,0x00000000e0000000,0x00000000f2b80000)
  from space 22528K, 67% used [0x00000000f2b80000,0x00000000f3a62b48,0x00000000f4180000)
  to   space 25088K, 0% used [0x00000000f6f00000,0x00000000f6f00000,0x00000000f8780000)
 ParOldGen       total 206848K, used 35809K [0x00000000a0000000, 0x00000000aca00000, 0x00000000e0000000)
  object space 206848K, 17% used [0x00000000a0000000,0x00000000a22f86c8,0x00000000aca00000)
 Metaspace       used 74967K, capacity 77820K, committed 77872K, reserved 1116160K
  class space    used 9924K, capacity 10529K, committed 10544K, reserved 1048576K
}

