# JRE version: OpenJDK Runtime Environment (8.0_152-b01) (build 1.8.0_152-release-1248-b01)
# Java VM: OpenJDK 64-Bit Server VM (25.152-b01 mixed mode windows-amd64 compressed oops)
Heap:
 PSYoungGen      total 309248K, used 7301K [0x00000000e0000000, 0x00000000f6800000, 0x0000000100000000)
  eden space 252928K, 1% used [0x00000000e0000000,0x00000000e04aa428,0x00000000ef700000)
  from space 56320K, 4% used [0x00000000ef700000,0x00000000ef977188,0x00000000f2e00000)
  to   space 55808K, 0% used [0x00000000f2e00000,0x00000000f2e00000,0x00000000f6480000)
 ParOldGen       total 190976K, used 53870K [0x00000000a0000000, 0x00000000aba80000, 0x00000000e0000000)
  object space 190976K, 28% used [0x00000000a0000000,0x00000000a349bbe8,0x00000000aba80000)
 Metaspace       used 95620K, capacity 98528K, committed 100312K, reserved 1136640K
  class space    used 12021K, capacity 12690K, committed 13016K, reserved 1048576K
GC Heap History (10 events):
Event: 3498.376 GC heap before
{Heap before GC invocations=26 (full 3):
 PSYoungGen      total 269824K, used 269431K [0x00000000e0000000, 0x00000000f4c80000, 0x0000000100000000)
  eden space 234496K, 100% used [0x00000000e0000000,0x00000000ee500000,0x00000000ee500000)
  from space 35328K, 98% used [0x00000000f2a00000,0x00000000f4c1de30,0x00000000f4c80000)
  to   space 50176K, 0% used [0x00000000eea80000,0x00000000eea80000,0x00000000f1b80000)
 ParOldGen       total 190976K, used 75472K [0x00000000a0000000, 0x00000000aba80000, 0x00000000e0000000)
  object space 190976K, 39% used [0x00000000a0000000,0x00000000a49b41f0,0x00000000aba80000)
 Metaspace       used 89381K, capacity 92742K, committed 92888K, reserved 1130496K
  class space    used 11368K, capacity 12179K, committed 12248K, reserved 1048576K
Event: 3498.406 GC heap after
Heap after GC invocations=26 (full 3):
 PSYoungGen      total 260608K, used 33270K [0x00000000e0000000, 0x00000000f4300000, 0x0000000100000000)
  eden space 227328K, 0% used [0x00000000e0000000,0x00000000e0000000,0x00000000ede00000)
  from space 33280K, 99% used [0x00000000eea80000,0x00000000f0afd868,0x00000000f0b00000)
  to   space 51712K, 0% used [0x00000000f1080000,0x00000000f1080000,0x00000000f4300000)
 ParOldGen       total 190976K, used 75480K [0x00000000a0000000, 0x00000000aba80000, 0x00000000e0000000)
  object space 190976K, 39% used [0x00000000a0000000,0x00000000a49b61f0,0x00000000aba80000)
 Metaspace       used 89381K, capacity 92742K, committed 92888K, reserved 1130496K
  class space    used 11368K, capacity 12179K, committed 12248K, reserved 1048576K
}
Event: 3498.966 GC heap before
{Heap before GC invocations=27 (full 3):
 PSYoungGen      total 260608K, used 260598K [0x00000000e0000000, 0x00000000f4300000, 0x0000000100000000)
  eden space 227328K, 100% used [0x00000000e0000000,0x00000000ede00000,0x00000000ede00000)
  from space 33280K, 99% used [0x00000000eea80000,0x00000000f0afd868,0x00000000f0b00000)
  to   space 51712K, 0% used [0x00000000f1080000,0x00000000f1080000,0x00000000f4300000)
 ParOldGen       total 190976K, used 75480K [0x00000000a0000000, 0x00000000aba80000, 0x00000000e0000000)
  object space 190976K, 39% used [0x00000000a0000000,0x00000000a49b61f0,0x00000000aba80000)
 Metaspace       used 89414K, capacity 92806K, committed 92888K, reserved 1130496K
  class space    used 11370K, capacity 12179K, committed 12248K, reserved 1048576K
Event: 3498.986 GC heap after
Heap after GC invocations=27 (full 3):
 PSYoungGen      total 266752K, used 30780K [0x00000000e0000000, 0x00000000f3d80000, 0x0000000100000000)
  eden space 220672K, 0% used [0x00000000e0000000,0x00000000e0000000,0x00000000ed780000)
  from space 46080K, 66% used [0x00000000f1080000,0x00000000f2e8f0a8,0x00000000f3d80000)
  to   space 52224K, 0% used [0x00000000ed780000,0x00000000ed780000,0x00000000f0a80000)
 ParOldGen       total 190976K, used 75480K [0x00000000a0000000, 0x00000000aba80000, 0x00000000e0000000)
  object space 190976K, 39% used [0x00000000a0000000,0x00000000a49b61f0,0x00000000aba80000)
 Metaspace       used 89414K, capacity 92806K, committed 92888K, reserved 1130496K
  class space    used 11370K, capacity 12179K, committed 12248K, reserved 1048576K
}
Event: 3502.380 GC heap before
{Heap before GC invocations=28 (full 3):
 PSYoungGen      total 266752K, used 235078K [0x00000000e0000000, 0x00000000f3d80000, 0x0000000100000000)
  eden space 220672K, 92% used [0x00000000e0000000,0x00000000ec782b48,0x00000000ed780000)
  from space 46080K, 66% used [0x00000000f1080000,0x00000000f2e8f0a8,0x00000000f3d80000)
  to   space 52224K, 0% used [0x00000000ed780000,0x00000000ed780000,0x00000000f0a80000)
 ParOldGen       total 190976K, used 75480K [0x00000000a0000000, 0x00000000aba80000, 0x00000000e0000000)
  object space 190976K, 39% used [0x00000000a0000000,0x00000000a49b61f0,0x00000000aba80000)
 Metaspace       used 94908K, capacity 98374K, committed 98496K, reserved 1134592K
  class space    used 11992K, capacity 12819K, committed 12888K, reserved 1048576K
Event: 3502.415 GC heap after
Heap after GC invocations=28 (full 3):
 PSYoungGen      total 272896K, used 39115K [0x00000000e0000000, 0x00000000f6480000, 0x0000000100000000)
  eden space 220672K, 0% used [0x00000000e0000000,0x00000000e0000000,0x00000000ed780000)
  from space 52224K, 74% used [0x00000000ed780000,0x00000000efdb2e70,0x00000000f0a80000)
  to   space 55808K, 0% used [0x00000000f2e00000,0x00000000f2e00000,0x00000000f6480000)
 ParOldGen       total 190976K, used 75488K [0x00000000a0000000, 0x00000000aba80000, 0x00000000e0000000)
  object space 190976K, 39% used [0x00000000a0000000,0x00000000a49b81f0,0x00000000aba80000)
 Metaspace       used 94908K, capacity 98374K, committed 98496K, reserved 1134592K
  class space    used 11992K, capacity 12819K, committed 12888K, reserved 1048576K
}
Event: 3502.415 GC heap before
{Heap before GC invocations=29 (full 4):
 PSYoungGen      total 272896K, used 39115K [0x00000000e0000000, 0x00000000f6480000, 0x0000000100000000)
  eden space 220672K, 0% used [0x00000000e0000000,0x00000000e0000000,0x00000000ed780000)
  from space 52224K, 74% used [0x00000000ed780000,0x00000000efdb2e70,0x00000000f0a80000)
  to   space 55808K, 0% used [0x00000000f2e00000,0x00000000f2e00000,0x00000000f6480000)
 ParOldGen       total 190976K, used 75488K [0x00000000a0000000, 0x00000000aba80000, 0x00000000e0000000)
  object space 190976K, 39% used [0x00000000a0000000,0x00000000a49b81f0,0x00000000aba80000)
 Metaspace       used 94908K, capacity 98374K, committed 98496K, reserved 1134592K
  class space    used 11992K, capacity 12819K, committed 12888K, reserved 1048576K
Event: 3502.616 GC heap after
Heap after GC invocations=29 (full 4):
 PSYoungGen      total 272896K, used 0K [0x00000000e0000000, 0x00000000f6480000, 0x0000000100000000)
  eden space 220672K, 0% used [0x00000000e0000000,0x00000000e0000000,0x00000000ed780000)
  from space 52224K, 0% used [0x00000000ed780000,0x00000000ed780000,0x00000000f0a80000)
  to   space 55808K, 0% used [0x00000000f2e00000,0x00000000f2e00000,0x00000000f6480000)
 ParOldGen       total 190976K, used 53854K [0x00000000a0000000, 0x00000000aba80000, 0x00000000e0000000)
  object space 190976K, 28% used [0x00000000a0000000,0x00000000a3497be8,0x00000000aba80000)
 Metaspace       used 93519K, capacity 96058K, committed 98496K, reserved 1134592K
  class space    used 11726K, capacity 12341K, committed 12888K, reserved 1048576K
}
Event: 3503.325 GC heap before
{Heap before GC invocations=30 (full 4):
 PSYoungGen      total 272896K, used 220584K [0x00000000e0000000, 0x00000000f6480000, 0x0000000100000000)
  eden space 220672K, 99% used [0x00000000e0000000,0x00000000ed76a2f0,0x00000000ed780000)
  from space 52224K, 0% used [0x00000000ed780000,0x00000000ed780000,0x00000000f0a80000)
  to   space 55808K, 0% used [0x00000000f2e00000,0x00000000f2e00000,0x00000000f6480000)
 ParOldGen       total 190976K, used 53854K [0x00000000a0000000, 0x00000000aba80000, 0x00000000e0000000)
  object space 190976K, 28% used [0x00000000a0000000,0x00000000a3497be8,0x00000000aba80000)
 Metaspace       used 94775K, capacity 97448K, committed 99544K, reserved 1136640K
  class space    used 11905K, capacity 12522K, committed 13016K, reserved 1048576K
Event: 3503.330 GC heap after
Heap after GC invocations=30 (full 4):
 PSYoungGen      total 308736K, used 2279K [0x00000000e0000000, 0x00000000f6800000, 0x0000000100000000)
  eden space 252928K, 0% used [0x00000000e0000000,0x00000000e0000000,0x00000000ef700000)
  from space 55808K, 4% used [0x00000000f2e00000,0x00000000f3039e98,0x00000000f6480000)
  to   space 56320K, 0% used [0x00000000ef700000,0x00000000ef700000,0x00000000f2e00000)
 ParOldGen       total 190976K, used 53862K [0x00000000a0000000, 0x00000000aba80000, 0x00000000e0000000)
  object space 190976K, 28% used [0x00000000a0000000,0x00000000a3499be8,0x00000000aba80000)
 Metaspace       used 94775K, capacity 97448K, committed 99544K, reserved 1136640K
  class space    used 11905K, capacity 12522K, committed 13016K, reserved 1048576K
}

